============================= test session starts ==============================
platform darwin -- Python 3.14.2, pytest-8.3.5
collected 25 items

test_foo.py ..F.. [ 20%]
test_bar.py F.... [ 80%]
test_baz.py ..... [100%]

=================================== FAILURES ===================================
_____________________________ test_name ______________________________________

    def test_name():
>       assert False
E       assert False

test_foo.py:5: AssertionError
_____________________________ test_other ______________________________________

    def test_other():
>       assert 1 == 2
E       assert 1 == 2

test_bar.py:8: AssertionError
=========================== short test summary info ============================
FAILED test_foo.py::test_name - assert False
FAILED test_bar.py::test_other - assert 1 == 2
======================= 2 failed, 23 passed in 1.23s =========================
